[22:47:51 INF] User profile is available. Using 'C:\Users\dmska\AppData\Local\ASP.NET\DataProtection-Keys' as key repository and Windows DPAPI to encrypt keys at rest.
[22:47:52 INF] Executed DbCommand (95ms) [Parameters=[], CommandType='"Text"', CommandTimeout='30']
SELECT EXISTS (
    SELECT 1 FROM pg_catalog.pg_class c
    JOIN pg_catalog.pg_namespace n ON n.oid=c.relnamespace
    WHERE n.nspname='public' AND
          c.relname='__EFMigrationsHistory'
)
[22:47:52 INF] Executed DbCommand (18ms) [Parameters=[], CommandType='"Text"', CommandTimeout='30']
SELECT "MigrationId", "ProductVersion"
FROM "__EFMigrationsHistory"
ORDER BY "MigrationId";
[22:47:52 INF] Executed DbCommand (3ms) [Parameters=[], CommandType='"Text"', CommandTimeout='30']
SELECT EXISTS (
    SELECT 1 FROM pg_catalog.pg_class c
    JOIN pg_catalog.pg_namespace n ON n.oid=c.relnamespace
    WHERE n.nspname='public' AND
          c.relname='__EFMigrationsHistory'
)
[22:47:52 INF] Executed DbCommand (5ms) [Parameters=[], CommandType='"Text"', CommandTimeout='30']
SELECT EXISTS (
    SELECT 1 FROM pg_catalog.pg_class c
    JOIN pg_catalog.pg_namespace n ON n.oid=c.relnamespace
    WHERE n.nspname='public' AND
          c.relname='__EFMigrationsHistory'
)
[22:47:52 INF] Executed DbCommand (2ms) [Parameters=[], CommandType='"Text"', CommandTimeout='30']
SELECT "MigrationId", "ProductVersion"
FROM "__EFMigrationsHistory"
ORDER BY "MigrationId";
[22:47:52 INF] No migrations were applied. The database is already up to date.
[22:47:53 INF] Executed DbCommand (18ms) [Parameters=[@__normalizedName_0='?'], CommandType='"Text"', CommandTimeout='30']
SELECT a."Id", a."ConcurrencyStamp", a."Name", a."NormalizedName"
FROM "AspNetRoles" AS a
WHERE a."NormalizedName" = @__normalizedName_0
LIMIT 1
[22:47:53 INF] Executed DbCommand (1ms) [Parameters=[@__normalizedName_0='?'], CommandType='"Text"', CommandTimeout='30']
SELECT a."Id", a."ConcurrencyStamp", a."Name", a."NormalizedName"
FROM "AspNetRoles" AS a
WHERE a."NormalizedName" = @__normalizedName_0
LIMIT 1
[22:47:53 INF] Executed DbCommand (12ms) [Parameters=[], CommandType='"Text"', CommandTimeout='30']
SELECT EXISTS (
    SELECT 1
    FROM "AspNetUsers" AS a)
[22:47:53 INF] Executed DbCommand (6ms) [Parameters=[], CommandType='"Text"', CommandTimeout='30']
SELECT EXISTS (
    SELECT 1
    FROM "Tests" AS t)
[22:47:53 INF] Executed DbCommand (13ms) [Parameters=[], CommandType='"Text"', CommandTimeout='30']
SELECT EXISTS (
    SELECT 1
    FROM "Results" AS r)
[22:47:54 INF] Now listening on: https://localhost:7264
[22:47:54 INF] Now listening on: http://localhost:5247
[22:47:54 INF] Application started. Press Ctrl+C to shut down.
[22:47:54 INF] Hosting environment: Development
[22:47:54 INF] Content root path: C:\Users\dmska\source\repos\KnowledgeCheck\KnowledgeCheck.API
[22:47:54 INF] Request starting HTTP/2 GET https://localhost:7264/swagger/index.html - null null
[22:47:55 INF] Request finished HTTP/2 GET https://localhost:7264/swagger/index.html - 200 null text/html;charset=utf-8 250.5254ms
[22:47:55 INF] Request starting HTTP/2 GET https://localhost:7264/_framework/aspnetcore-browser-refresh.js - null null
[22:47:55 INF] Request finished HTTP/2 GET https://localhost:7264/_framework/aspnetcore-browser-refresh.js - 200 13772 application/javascript; charset=utf-8 30.4117ms
[22:47:55 INF] Request starting HTTP/2 GET https://localhost:7264/_vs/browserLink - null null
[22:47:55 INF] Request finished HTTP/2 GET https://localhost:7264/_vs/browserLink - 200 null text/javascript; charset=UTF-8 55.1541ms
[22:47:56 INF] Request starting HTTP/2 GET https://localhost:7264/swagger/v1/swagger.json - null null
[22:47:56 INF] Request finished HTTP/2 GET https://localhost:7264/swagger/v1/swagger.json - 200 null application/json;charset=utf-8 46.4951ms
